<?xml version="1.0" encoding="UTF-8"?>
<!-- Generated by org.testng.reporters.JUnitReportReporter -->
<testsuite hostname="IN-PG0352AV" failures="0" tests="1" name="tests.LanguageTest" time="30.590" errors="0" timestamp="28 Apr 2024 14:27:27 GMT" skipped="0">
  <testcase classname="tests.LanguageTest" name="Languagetest" time="30.590"/>
</testsuite> <!-- tests.LanguageTest -->
