<?xml version="1.0" encoding="UTF-8"?>
<!-- Generated by org.testng.reporters.JUnitReportReporter -->
<testsuite hostname="IN-PG0352AV" failures="0" tests="1" name="tests.SearchTest" time="47.496" errors="0" timestamp="28 Apr 2024 14:27:27 GMT" skipped="0">
  <testcase classname="tests.SearchTest" name="Searchfeature" time="47.496"/>
</testsuite> <!-- tests.SearchTest -->
